==21331== Memcheck, a memory error detector
==21331== Copyright (C) 2002-2012, and GNU GPL'd, by Julian Seward et al.
==21331== Using Valgrind-3.8.1 and LibVEX; rerun with -h for copyright info
==21331== Command: build/bin/sensord --config sensor.conf
==21331== Parent PID: 21330
==21331== 
==21331== Warning: noted but unhandled ioctl 0x8946 with no size/direction hints
==21331==    This could cause spurious value errors to appear.
==21331==    See README_MISSING_SYSCALL_OR_IOCTL for guidance on writing a proper wrapper.
==21331== Conditional jump or move depends on uninitialised value(s)
==21331==    at 0x52812EF: ??? (in /usr/lib/libpcap.so.1.3.0)
==21331==    by 0x5286727: pcap_activate (in /usr/lib/libpcap.so.1.3.0)
==21331==    by 0x4E49FE3: create_pcap_handle(sensor*) (sensor.cpp:215)
==21331==    by 0x4E4A307: sensor_main (sensor.cpp:268)
==21331==    by 0x40294B: main (sensord.c:177)
==21331==  Uninitialised value was created by a stack allocation
==21331==    at 0x527EBC0: ??? (in /usr/lib/libpcap.so.1.3.0)
==21331== 
==21331== Conditional jump or move depends on uninitialised value(s)
==21331==    at 0x52812F7: ??? (in /usr/lib/libpcap.so.1.3.0)
==21331==    by 0x5286727: pcap_activate (in /usr/lib/libpcap.so.1.3.0)
==21331==    by 0x4E49FE3: create_pcap_handle(sensor*) (sensor.cpp:215)
==21331==    by 0x4E4A307: sensor_main (sensor.cpp:268)
==21331==    by 0x40294B: main (sensord.c:177)
==21331==  Uninitialised value was created by a stack allocation
==21331==    at 0x527EBC0: ??? (in /usr/lib/libpcap.so.1.3.0)
==21331== 
==21331== Warning: noted but unhandled ioctl 0x8946 with no size/direction hints
==21331==    This could cause spurious value errors to appear.
==21331==    See README_MISSING_SYSCALL_OR_IOCTL for guidance on writing a proper wrapper.
==21331== Conditional jump or move depends on uninitialised value(s)
==21331==    at 0x5281314: ??? (in /usr/lib/libpcap.so.1.3.0)
==21331==    by 0x5286727: pcap_activate (in /usr/lib/libpcap.so.1.3.0)
==21331==    by 0x4E49FE3: create_pcap_handle(sensor*) (sensor.cpp:215)
==21331==    by 0x4E4A307: sensor_main (sensor.cpp:268)
==21331==    by 0x40294B: main (sensord.c:177)
==21331==  Uninitialised value was created by a stack allocation
==21331==    at 0x527EBC0: ??? (in /usr/lib/libpcap.so.1.3.0)
==21331== 
==21331== Conditional jump or move depends on uninitialised value(s)
==21331==    at 0x528131C: ??? (in /usr/lib/libpcap.so.1.3.0)
==21331==    by 0x5286727: pcap_activate (in /usr/lib/libpcap.so.1.3.0)
==21331==    by 0x4E49FE3: create_pcap_handle(sensor*) (sensor.cpp:215)
==21331==    by 0x4E4A307: sensor_main (sensor.cpp:268)
==21331==    by 0x40294B: main (sensord.c:177)
==21331==  Uninitialised value was created by a stack allocation
==21331==    at 0x527EBC0: ??? (in /usr/lib/libpcap.so.1.3.0)
==21331== 
==21331== Warning: noted but unhandled ioctl 0x8946 with no size/direction hints
==21331==    This could cause spurious value errors to appear.
==21331==    See README_MISSING_SYSCALL_OR_IOCTL for guidance on writing a proper wrapper.
==21331== Conditional jump or move depends on uninitialised value(s)
==21331==    at 0x5281339: ??? (in /usr/lib/libpcap.so.1.3.0)
==21331==    by 0x5286727: pcap_activate (in /usr/lib/libpcap.so.1.3.0)
==21331==    by 0x4E49FE3: create_pcap_handle(sensor*) (sensor.cpp:215)
==21331==    by 0x4E4A307: sensor_main (sensor.cpp:268)
==21331==    by 0x40294B: main (sensord.c:177)
==21331==  Uninitialised value was created by a stack allocation
==21331==    at 0x527EBC0: ??? (in /usr/lib/libpcap.so.1.3.0)
==21331== 
==21331== Conditional jump or move depends on uninitialised value(s)
==21331==    at 0x5281341: ??? (in /usr/lib/libpcap.so.1.3.0)
==21331==    by 0x5286727: pcap_activate (in /usr/lib/libpcap.so.1.3.0)
==21331==    by 0x4E49FE3: create_pcap_handle(sensor*) (sensor.cpp:215)
==21331==    by 0x4E4A307: sensor_main (sensor.cpp:268)
==21331==    by 0x40294B: main (sensord.c:177)
==21331==  Uninitialised value was created by a stack allocation
==21331==    at 0x527EBC0: ??? (in /usr/lib/libpcap.so.1.3.0)
==21331== 
==21331== Conditional jump or move depends on uninitialised value(s)
==21331==    at 0x528135E: ??? (in /usr/lib/libpcap.so.1.3.0)
==21331==    by 0x5286727: pcap_activate (in /usr/lib/libpcap.so.1.3.0)
==21331==    by 0x4E49FE3: create_pcap_handle(sensor*) (sensor.cpp:215)
==21331==    by 0x4E4A307: sensor_main (sensor.cpp:268)
==21331==    by 0x40294B: main (sensord.c:177)
==21331==  Uninitialised value was created by a stack allocation
==21331==    at 0x527EBC0: ??? (in /usr/lib/libpcap.so.1.3.0)
==21331== 
==21331== Conditional jump or move depends on uninitialised value(s)
==21331==    at 0x5281367: ??? (in /usr/lib/libpcap.so.1.3.0)
==21331==    by 0x5286727: pcap_activate (in /usr/lib/libpcap.so.1.3.0)
==21331==    by 0x4E49FE3: create_pcap_handle(sensor*) (sensor.cpp:215)
==21331==    by 0x4E4A307: sensor_main (sensor.cpp:268)
==21331==    by 0x40294B: main (sensord.c:177)
==21331== 
==21331== Conditional jump or move depends on uninitialised value(s)
==21331==    at 0x5281384: ??? (in /usr/lib/libpcap.so.1.3.0)
==21331==    by 0x5286727: pcap_activate (in /usr/lib/libpcap.so.1.3.0)
==21331==    by 0x4E49FE3: create_pcap_handle(sensor*) (sensor.cpp:215)
==21331==    by 0x4E4A307: sensor_main (sensor.cpp:268)
==21331==    by 0x40294B: main (sensord.c:177)
==21331==  Uninitialised value was created by a stack allocation
==21331==    at 0x527EBC0: ??? (in /usr/lib/libpcap.so.1.3.0)
==21331== 
==21331== Conditional jump or move depends on uninitialised value(s)
==21331==    at 0x528138C: ??? (in /usr/lib/libpcap.so.1.3.0)
==21331==    by 0x5286727: pcap_activate (in /usr/lib/libpcap.so.1.3.0)
==21331==    by 0x4E49FE3: create_pcap_handle(sensor*) (sensor.cpp:215)
==21331==    by 0x4E4A307: sensor_main (sensor.cpp:268)
==21331==    by 0x40294B: main (sensord.c:177)
==21331==  Uninitialised value was created by a stack allocation
==21331==    at 0x527EBC0: ??? (in /usr/lib/libpcap.so.1.3.0)
==21331== 
==21331== 
==21331== FILE DESCRIPTORS: 4 open at exit.
==21331== Open file descriptor 3: /home/reiver/DEVELOP/epic-ids/sensor/valgrind-memcheck.log
==21331==    <inherited from parent>
==21331== 
==21331== Open file descriptor 2: /dev/pts/1
==21331==    <inherited from parent>
==21331== 
==21331== Open file descriptor 1: /dev/pts/1
==21331==    <inherited from parent>
==21331== 
==21331== Open file descriptor 0: /dev/pts/1
==21331==    <inherited from parent>
==21331== 
==21331== 
==21331== HEAP SUMMARY:
==21331==     in use at exit: 35 bytes in 3 blocks
==21331==   total heap usage: 2,342 allocs, 2,339 frees, 135,817 bytes allocated
==21331== 
==21331== 35 bytes in 3 blocks are definitely lost in loss record 1 of 1
==21331==    at 0x4C2C04B: malloc (in /usr/lib/valgrind/vgpreload_memcheck-amd64-linux.so)
==21331==    by 0x401CD2: parseValue (kvset.c:144)
==21331==    by 0x401FFA: LoadKVS (kvset.c:221)
==21331==    by 0x4026C6: read_config (sensord.c:119)
==21331==    by 0x402726: main (sensord.c:129)
==21331== 
==21331== LEAK SUMMARY:
==21331==    definitely lost: 35 bytes in 3 blocks
==21331==    indirectly lost: 0 bytes in 0 blocks
==21331==      possibly lost: 0 bytes in 0 blocks
==21331==    still reachable: 0 bytes in 0 blocks
==21331==         suppressed: 0 bytes in 0 blocks
==21331== 
==21331== For counts of detected and suppressed errors, rerun with: -v
==21331== ERROR SUMMARY: 11 errors from 11 contexts (suppressed: 2 from 2)
